<?xml version="1.0" encoding="UTF-8"?>
<!-- Generated by org.testng.reporters.JUnitXMLReporter -->
<testsuite ignored="0" hostname="DESKTOP-4RFRAEG" failures="1" tests="3" name="Test" time="0.204" errors="0" timestamp="2022-11-24T16:58:08 IST">
  <testcase classname="FirstMavenProject.Report" name="Forget" time="0.011"/>
  <testcase classname="FirstMavenProject.Report" name="Reg" time="0.001"/>
  <testcase classname="FirstMavenProject.Report" name="login" time="0.002">
    <failure type="java.lang.AssertionError" message="expected [true] but found [false]">
      <![CDATA[java.lang.AssertionError: expected [true] but found [false]
at FirstMavenProject.Report.login(Report.java:10)
at java.base/java.util.ArrayList.forEach(ArrayList.java:1511)
... Removed 31 stack frames]]>
    </failure>
  </testcase> <!-- login -->
</testsuite> <!-- Test -->
